<?xml version="1.0" encoding="UTF-8"?>
<!-- Generated by org.testng.reporters.JUnitReportReporter -->
<testsuite hostname="mauricio-hp-laptop" failures="0" tests="8" name="examen.TestFunctionClass" time="0.085" errors="0" timestamp="2020-12-23T13:50:05 PET" skipped="0">
  <testcase classname="examen.TestFunctionClass" name="generateRandomPieceTest" time="0.002"/>
  <system-out/>
  <testcase classname="examen.TestFunctionClass" name="generatePointTest" time="0.001"/>
  <system-out/>
  <testcase classname="examen.TestFunctionClass" name="checkCompletionsTest" time="0.000"/>
  <system-out/>
  <testcase classname="examen.TestFunctionClass" name="createPlayerTest" time="0.001"/>
  <system-out/>
  <testcase classname="examen.TestFunctionClass" name="CreatePieceTest" time="0.000"/>
  <system-out/>
  <testcase classname="examen.TestFunctionClass" name="CreateInstanceTest" time="0.075"/>
  <system-out/>
  <testcase classname="examen.TestFunctionClass" name="checkSetPiece" time="0.005"/>
  <system-out/>
  <testcase classname="examen.TestFunctionClass" name="checkStatusTest" time="0.001"/>
  <system-out/>
</testsuite> <!-- examen.TestFunctionClass -->
